0 info it worked if it ends with ok
1 verbose cli [ '\\\\exigis.com\\documents\\users\\gabriel.lorenz\\Desktop\\Environment\\\\node.exe',
1 verbose cli   '\\\\exigis.com\\documents\\users\\gabriel.lorenz\\Desktop\\Environment\\node_modules\\npm\\bin\\npm-cli.js',
1 verbose cli   'install',
1 verbose cli   'mongodb' ]
2 info using npm@1.4.12
3 info using node@v0.10.29
4 verbose node symlink \\exigis.com\documents\users\gabriel.lorenz\Desktop\Environment\\node.exe
5 verbose readDependencies using package.json deps
6 verbose cache add [ 'mongodb', null ]
7 verbose cache add name=undefined spec="mongodb" args=["mongodb",null]
8 verbose parsed url { protocol: null,
8 verbose parsed url   slashes: null,
8 verbose parsed url   auth: null,
8 verbose parsed url   host: null,
8 verbose parsed url   port: null,
8 verbose parsed url   hostname: null,
8 verbose parsed url   hash: null,
8 verbose parsed url   search: null,
8 verbose parsed url   query: null,
8 verbose parsed url   pathname: 'mongodb',
8 verbose parsed url   path: 'mongodb',
8 verbose parsed url   href: 'mongodb' }
9 silly lockFile 7f1c982e-mongodb mongodb
10 verbose lock mongodb C:\Users\gabriel.lorenz\AppData\Roaming\npm-cache\7f1c982e-mongodb.lock
11 silly lockFile 7f1c982e-mongodb mongodb
12 silly lockFile 7f1c982e-mongodb mongodb
13 verbose addNamed [ 'mongodb', '' ]
14 verbose addNamed [ null, '*' ]
15 silly lockFile 886df635-mongodb mongodb@
16 verbose lock mongodb@ C:\Users\gabriel.lorenz\AppData\Roaming\npm-cache\886df635-mongodb.lock
17 silly addNameRange { name: 'mongodb', range: '*', hasData: false }
18 verbose url raw mongodb
19 verbose url resolving [ 'https://registry.npmjs.org/', './mongodb' ]
20 verbose url resolved https://registry.npmjs.org/mongodb
21 info trying registry request attempt 1 at 14:10:31
22 verbose etag "3FTALB75BJTJLZS6066YYKT10"
23 http GET https://registry.npmjs.org/mongodb
24 http 304 https://registry.npmjs.org/mongodb
25 silly registry.get cb [ 304,
25 silly registry.get   { date: 'Tue, 08 Jul 2014 18:11:38 GMT',
25 silly registry.get     server: 'Apache',
25 silly registry.get     via: '1.1 varnish',
25 silly registry.get     'last-modified': 'Tue, 08 Jul 2014 18:11:26 GMT',
25 silly registry.get     'cache-control': 'max-age=30',
25 silly registry.get     etag: '"3FTALB75BJTJLZS6066YYKT10"',
25 silly registry.get     'x-served-by': 'cache-iad2129-IAD',
25 silly registry.get     'x-cache': 'HIT',
25 silly registry.get     'x-cache-hits': '2',
25 silly registry.get     'x-timer': 'S1404843098.896649,VS0,VE0',
25 silly registry.get     vary: 'Accept',
25 silly registry.get     'content-length': '0',
25 silly registry.get     'keep-alive': 'timeout=10, max=50',
25 silly registry.get     connection: 'Keep-Alive' } ]
26 verbose etag mongodb from cache
27 silly addNameRange number 2 { name: 'mongodb', range: '*', hasData: true }
28 silly addNameRange versions [ 'mongodb',
28 silly addNameRange   [ '0.9.4',
28 silly addNameRange     '0.9.4-4',
28 silly addNameRange     '0.9.3',
28 silly addNameRange     '0.9.1',
28 silly addNameRange     '0.9.2',
28 silly addNameRange     '0.9.6-7',
28 silly addNameRange     '0.9.6-8',
28 silly addNameRange     '0.9.6-9',
28 silly addNameRange     '0.9.6-10',
28 silly addNameRange     '0.9.6-11',
28 silly addNameRange     '0.9.6-12',
28 silly addNameRange     '0.9.6-13',
28 silly addNameRange     '0.9.6-14',
28 silly addNameRange     '0.9.6-15',
28 silly addNameRange     '0.9.6-16',
28 silly addNameRange     '0.9.6-17',
28 silly addNameRange     '0.9.6-18',
28 silly addNameRange     '0.9.6-19',
28 silly addNameRange     '0.9.6-20',
28 silly addNameRange     '0.9.6-21',
28 silly addNameRange     '0.9.6-22',
28 silly addNameRange     '0.9.6-23',
28 silly addNameRange     '0.9.7',
28 silly addNameRange     '0.9.7-0',
28 silly addNameRange     '0.9.7-1',
28 silly addNameRange     '0.9.7-1.1',
28 silly addNameRange     '0.9.7-1.2',
28 silly addNameRange     '0.9.7-1.3',
28 silly addNameRange     '0.9.7-1.4',
28 silly addNameRange     '0.9.7-2',
28 silly addNameRange     '0.9.7-2-1',
28 silly addNameRange     '0.9.7-2-2',
28 silly addNameRange     '0.9.7-2-3',
28 silly addNameRange     '0.9.7-2-4',
28 silly addNameRange     '0.9.7-2-5',
28 silly addNameRange     '0.9.7-3',
28 silly addNameRange     '0.9.7-3-1',
28 silly addNameRange     '0.9.7-3-2',
28 silly addNameRange     '0.9.7-3-3',
28 silly addNameRange     '0.9.7-3-4',
28 silly addNameRange     '0.9.7-3-5',
28 silly addNameRange     '0.9.8',
28 silly addNameRange     '0.9.8-1',
28 silly addNameRange     '0.9.8-2',
28 silly addNameRange     '0.9.8-3',
28 silly addNameRange     '0.9.8-4',
28 silly addNameRange     '0.9.8-5',
28 silly addNameRange     '0.9.8-6',
28 silly addNameRange     '0.9.8-7',
28 silly addNameRange     '0.9.9',
28 silly addNameRange     '0.9.9-1',
28 silly addNameRange     '0.9.9-2',
28 silly addNameRange     '0.9.9-3',
28 silly addNameRange     '0.9.9-4',
28 silly addNameRange     '0.9.9-5',
28 silly addNameRange     '0.9.9-6',
28 silly addNameRange     '0.9.9-7',
28 silly addNameRange     '0.9.9-8',
28 silly addNameRange     '1.0.0',
28 silly addNameRange     '1.0.1',
28 silly addNameRange     '1.0.2',
28 silly addNameRange     '1.1.0-beta',
28 silly addNameRange     '1.1.0',
28 silly addNameRange     '1.1.1',
28 silly addNameRange     '1.1.2',
28 silly addNameRange     '1.1.3',
28 silly addNameRange     '1.1.4',
28 silly addNameRange     '1.1.5',
28 silly addNameRange     '1.1.6',
28 silly addNameRange     '1.1.7',
28 silly addNameRange     '1.1.8',
28 silly addNameRange     '1.1.9',
28 silly addNameRange     '1.1.10',
28 silly addNameRange     '1.1.11',
28 silly addNameRange     '1.2.0',
28 silly addNameRange     '1.2.1',
28 silly addNameRange     '1.2.2',
28 silly addNameRange     '1.2.3',
28 silly addNameRange     '1.2.4',
28 silly addNameRange     '1.2.5',
28 silly addNameRange     '1.2.6',
28 silly addNameRange     '1.2.7',
28 silly addNameRange     '1.2.8',
28 silly addNameRange     '1.2.9',
28 silly addNameRange     '1.2.10',
28 silly addNameRange     '1.2.11',
28 silly addNameRange     '1.2.12',
28 silly addNameRange     '1.2.13',
28 silly addNameRange     '1.2.14',
28 silly addNameRange     '1.3.0',
28 silly addNameRange     '1.3.1',
28 silly addNameRange     '1.3.2',
28 silly addNameRange     '1.3.3',
28 silly addNameRange     '1.3.4',
28 silly addNameRange     '1.3.5',
28 silly addNameRange     '1.3.6',
28 silly addNameRange     '1.3.7',
28 silly addNameRange     '1.3.8',
28 silly addNameRange     '1.3.9',
28 silly addNameRange     '1.3.10',
28 silly addNameRange     '1.3.11',
28 silly addNameRange     '1.3.12',
28 silly addNameRange     '1.3.14',
28 silly addNameRange     '1.3.15',
28 silly addNameRange     '1.3.17',
28 silly addNameRange     '1.3.18',
28 silly addNameRange     '1.3.19',
28 silly addNameRange     '1.4.0-rc2',
28 silly addNameRange     '1.3.20',
28 silly addNameRange     '1.4.0-rc3',
28 silly addNameRange     '1.3.21',
28 silly addNameRange     '1.3.22',
28 silly addNameRange     '1.3.23',
28 silly addNameRange     '1.4.0-rc4',
28 silly addNameRange     '1.4.0-rc5',
28 silly addNameRange     '1.4.0-rc6',
28 silly addNameRange     '1.4.0-rc7',
28 silly addNameRange     '1.4.0-rc8',
28 silly addNameRange     '1.4.0-rc9',
28 silly addNameRange     '1.4.0-rc10',
28 silly addNameRange     '1.4.0',
28 silly addNameRange     '1.4.1',
28 silly addNameRange     '1.4.2',
28 silly addNameRange     '1.4.3',
28 silly addNameRange     '1.4.4',
28 silly addNameRange     '1.4.5',
28 silly addNameRange     '1.4.6',
28 silly addNameRange     '1.4.7' ] ]
29 verbose addNamed [ 'mongodb', '1.4.7' ]
30 verbose addNamed [ '1.4.7', '1.4.7' ]
31 silly lockFile dd6d84cd-mongodb-1-4-7 mongodb@1.4.7
32 verbose lock mongodb@1.4.7 C:\Users\gabriel.lorenz\AppData\Roaming\npm-cache\dd6d84cd-mongodb-1-4-7.lock
33 silly lockFile dd6d84cd-mongodb-1-4-7 mongodb@1.4.7
34 silly lockFile dd6d84cd-mongodb-1-4-7 mongodb@1.4.7
35 silly lockFile 886df635-mongodb mongodb@
36 silly lockFile 886df635-mongodb mongodb@
37 silly resolved [ { name: 'mongodb',
37 silly resolved     description: 'A node.js driver for MongoDB',
37 silly resolved     keywords: [ 'mongodb', 'mongo', 'driver', 'db' ],
37 silly resolved     version: '1.4.7',
37 silly resolved     author: { name: 'Christian Amor Kvalheim', email: 'christkv@gmail.com' },
37 silly resolved     contributors:
37 silly resolved      [ [Object],
37 silly resolved        [Object],
37 silly resolved        [Object],
37 silly resolved        [Object],
37 silly resolved        [Object],
37 silly resolved        [Object],
37 silly resolved        [Object],
37 silly resolved        [Object],
37 silly resolved        [Object],
37 silly resolved        [Object],
37 silly resolved        [Object],
37 silly resolved        [Object],
37 silly resolved        [Object],
37 silly resolved        [Object],
37 silly resolved        [Object],
37 silly resolved        [Object],
37 silly resolved        [Object],
37 silly resolved        [Object],
37 silly resolved        [Object],
37 silly resolved        [Object],
37 silly resolved        [Object],
37 silly resolved        [Object],
37 silly resolved        [Object],
37 silly resolved        [Object],
37 silly resolved        [Object],
37 silly resolved        [Object],
37 silly resolved        [Object],
37 silly resolved        [Object],
37 silly resolved        [Object],
37 silly resolved        [Object],
37 silly resolved        [Object],
37 silly resolved        [Object],
37 silly resolved        [Object],
37 silly resolved        [Object],
37 silly resolved        [Object],
37 silly resolved        [Object],
37 silly resolved        [Object],
37 silly resolved        [Object],
37 silly resolved        [Object],
37 silly resolved        [Object],
37 silly resolved        [Object],
37 silly resolved        [Object],
37 silly resolved        [Object],
37 silly resolved        [Object],
37 silly resolved        [Object],
37 silly resolved        [Object],
37 silly resolved        [Object],
37 silly resolved        [Object],
37 silly resolved        [Object],
37 silly resolved        [Object],
37 silly resolved        [Object],
37 silly resolved        [Object],
37 silly resolved        [Object],
37 silly resolved        [Object] ],
37 silly resolved     repository:
37 silly resolved      { type: 'git',
37 silly resolved        url: 'http://github.com/mongodb/node-mongodb-native.git' },
37 silly resolved     bugs: { url: 'http://github.com/mongodb/node-mongodb-native/issues' },
37 silly resolved     dependencies: { bson: '0.2.9', kerberos: '0.0.3', 'readable-stream': 'latest' },
37 silly resolved     devDependencies:
37 silly resolved      { dox: '0.4.4',
37 silly resolved        'uglify-js': '1.2.5',
37 silly resolved        ejs: '0.6.1',
37 silly resolved        request: '2.12.0',
37 silly resolved        nodeunit: '0.7.3',
37 silly resolved        markdown: '0.3.1',
37 silly resolved        gleak: '0.2.3',
37 silly resolved        step: '0.0.5',
37 silly resolved        async: '0.1.22',
37 silly resolved        integra: '0.0.3',
37 silly resolved        optimist: 'latest' },
37 silly resolved     optionalDependencies: { kerberos: '0.0.3', 'readable-stream': 'latest' },
37 silly resolved     config: { native: false },
37 silly resolved     main: './lib/mongodb/index',
37 silly resolved     homepage: 'http://mongodb.github.com/node-mongodb-native/',
37 silly resolved     directories: { lib: './lib/mongodb' },
37 silly resolved     engines: { node: '>=0.6.19' },
37 silly resolved     scripts: { test: 'make test_functional' },
37 silly resolved     licenses: [ [Object] ],
37 silly resolved     _id: 'mongodb@1.4.7',
37 silly resolved     dist:
37 silly resolved      { shasum: 'f605b5d43c6c018c7d56d2fb53984dd60a7be128',
37 silly resolved        tarball: 'http://registry.npmjs.org/mongodb/-/mongodb-1.4.7.tgz' },
37 silly resolved     _from: 'mongodb@',
37 silly resolved     _npmVersion: '1.4.3',
37 silly resolved     _npmUser: { name: 'christkv', email: 'christkv@gmail.com' },
37 silly resolved     maintainers: [ [Object] ],
37 silly resolved     _shasum: 'f605b5d43c6c018c7d56d2fb53984dd60a7be128',
37 silly resolved     _resolved: 'https://registry.npmjs.org/mongodb/-/mongodb-1.4.7.tgz',
37 silly resolved     readme: 'ERROR: No README data found!' } ]
38 info install mongodb@1.4.7 into H:\Desktop\Environment\wildstar
39 info installOne mongodb@1.4.7
40 info H:\Desktop\Environment\wildstar\node_modules\mongodb unbuild
41 verbose tar unpack C:\Users\gabriel.lorenz\AppData\Roaming\npm-cache\mongodb\1.4.7\package.tgz
42 silly lockFile 3f96fb56-nt-wildstar-node-modules-mongodb tar://H:\Desktop\Environment\wildstar\node_modules\mongodb
43 verbose lock tar://H:\Desktop\Environment\wildstar\node_modules\mongodb C:\Users\gabriel.lorenz\AppData\Roaming\npm-cache\3f96fb56-nt-wildstar-node-modules-mongodb.lock
44 silly lockFile c8ebb4e4--cache-mongodb-1-4-7-package-tgz tar://C:\Users\gabriel.lorenz\AppData\Roaming\npm-cache\mongodb\1.4.7\package.tgz
45 verbose lock tar://C:\Users\gabriel.lorenz\AppData\Roaming\npm-cache\mongodb\1.4.7\package.tgz C:\Users\gabriel.lorenz\AppData\Roaming\npm-cache\c8ebb4e4--cache-mongodb-1-4-7-package-tgz.lock
46 silly gunzTarPerm modes [ '755', '644' ]
47 silly gunzTarPerm extractEntry package.json
48 silly gunzTarPerm extractEntry LICENSE
49 silly gunzTarPerm extractEntry index.js
50 silly gunzTarPerm extractEntry .gitmodules
51 silly gunzTarPerm extractEntry .travis.yml
52 silly gunzTarPerm extractEntry CONTRIBUTING.md
53 silly gunzTarPerm extractEntry Makefile
54 silly gunzTarPerm extractEntry Readme.md
55 silly gunzTarPerm extractEntry lib/mongodb/admin.js
56 silly gunzTarPerm extractEntry lib/mongodb/scope.js
57 silly gunzTarPerm extractEntry lib/mongodb/mongo_client.js
58 silly gunzTarPerm extractEntry lib/mongodb/collection.js
59 silly gunzTarPerm extractEntry lib/mongodb/command_cursor.js
60 silly gunzTarPerm extractEntry lib/mongodb/index.js
61 silly gunzTarPerm extractEntry lib/mongodb/db.js
62 silly gunzTarPerm extractEntry lib/mongodb/aggregation_cursor.js
63 silly gunzTarPerm extractEntry lib/mongodb/cursorstream.js
64 silly gunzTarPerm extractEntry lib/mongodb/utils.js
65 silly gunzTarPerm extractEntry lib/mongodb/cursor.js
66 silly gunzTarPerm extractEntry lib/mongodb/connection/base.js
67 silly gunzTarPerm extractEntry lib/mongodb/connection/connection.js
68 silly gunzTarPerm extractEntry lib/mongodb/connection/connection_pool.js
69 silly gunzTarPerm extractEntry lib/mongodb/connection/connection_utils.js
70 silly gunzTarPerm extractEntry lib/mongodb/connection/mongos.js
71 silly gunzTarPerm extractEntry lib/mongodb/connection/read_preference.js
72 silly gunzTarPerm extractEntry lib/mongodb/connection/server.js
73 silly gunzTarPerm extractEntry lib/mongodb/connection/server_capabilities.js
74 silly gunzTarPerm extractEntry lib/mongodb/connection/url_parser.js
75 silly gunzTarPerm extractEntry lib/mongodb/connection/repl_set/ha.js
76 silly gunzTarPerm extractEntry lib/mongodb/connection/repl_set/options.js
77 silly gunzTarPerm extractEntry lib/mongodb/connection/repl_set/repl_set.js
78 silly gunzTarPerm extractEntry lib/mongodb/connection/repl_set/repl_set_state.js
79 silly gunzTarPerm extractEntry lib/mongodb/connection/repl_set/strategies/ping_strategy.js
80 silly gunzTarPerm extractEntry lib/mongodb/connection/repl_set/strategies/statistics_strategy.js
81 silly gunzTarPerm extractEntry lib/mongodb/gridfs/chunk.js
82 silly gunzTarPerm extractEntry lib/mongodb/gridfs/grid.js
83 silly gunzTarPerm extractEntry lib/mongodb/gridfs/gridstore.js
84 silly gunzTarPerm extractEntry lib/mongodb/gridfs/readstream.js
85 silly gunzTarPerm extractEntry lib/mongodb/commands/base_command.js
86 silly gunzTarPerm extractEntry lib/mongodb/commands/db_command.js
87 silly gunzTarPerm extractEntry lib/mongodb/commands/delete_command.js
88 silly gunzTarPerm extractEntry lib/mongodb/commands/get_more_command.js
89 silly gunzTarPerm extractEntry lib/mongodb/commands/insert_command.js
90 silly gunzTarPerm extractEntry lib/mongodb/commands/kill_cursor_command.js
91 silly gunzTarPerm extractEntry lib/mongodb/commands/query_command.js
92 silly gunzTarPerm extractEntry lib/mongodb/commands/update_command.js
93 silly gunzTarPerm extractEntry lib/mongodb/collection/aggregation.js
94 silly gunzTarPerm extractEntry lib/mongodb/collection/commands.js
95 silly gunzTarPerm extractEntry lib/mongodb/collection/core.js
96 silly gunzTarPerm extractEntry lib/mongodb/collection/geo.js
97 silly gunzTarPerm extractEntry lib/mongodb/collection/index.js
98 silly gunzTarPerm extractEntry lib/mongodb/collection/query.js
99 silly gunzTarPerm extractEntry lib/mongodb/collection/shared.js
100 silly gunzTarPerm extractEntry lib/mongodb/collection/batch/common.js
101 silly gunzTarPerm extractEntry lib/mongodb/collection/batch/ordered.js
102 silly gunzTarPerm extractEntry lib/mongodb/collection/batch/unordered.js
103 silly gunzTarPerm extractEntry lib/mongodb/responses/mongo_reply.js
104 silly gunzTarPerm extractEntry lib/mongodb/auth/mongodb_cr.js
105 silly gunzTarPerm extractEntry lib/mongodb/auth/mongodb_gssapi.js
106 silly gunzTarPerm extractEntry lib/mongodb/auth/mongodb_plain.js
107 silly gunzTarPerm extractEntry lib/mongodb/auth/mongodb_sspi.js
108 silly gunzTarPerm extractEntry lib/mongodb/auth/mongodb_x509.js
109 silly lockFile 3f96fb56-nt-wildstar-node-modules-mongodb tar://H:\Desktop\Environment\wildstar\node_modules\mongodb
110 silly lockFile 3f96fb56-nt-wildstar-node-modules-mongodb tar://H:\Desktop\Environment\wildstar\node_modules\mongodb
111 silly lockFile c8ebb4e4--cache-mongodb-1-4-7-package-tgz tar://C:\Users\gabriel.lorenz\AppData\Roaming\npm-cache\mongodb\1.4.7\package.tgz
112 silly lockFile c8ebb4e4--cache-mongodb-1-4-7-package-tgz tar://C:\Users\gabriel.lorenz\AppData\Roaming\npm-cache\mongodb\1.4.7\package.tgz
113 info preinstall mongodb@1.4.7
114 verbose readDependencies using package.json deps
115 verbose readDependencies using package.json deps
116 verbose cache add [ 'bson@0.2.9', null ]
117 verbose cache add name=undefined spec="bson@0.2.9" args=["bson@0.2.9",null]
118 verbose parsed url { protocol: null,
118 verbose parsed url   slashes: null,
118 verbose parsed url   auth: null,
118 verbose parsed url   host: null,
118 verbose parsed url   port: null,
118 verbose parsed url   hostname: null,
118 verbose parsed url   hash: null,
118 verbose parsed url   search: null,
118 verbose parsed url   query: null,
118 verbose parsed url   pathname: 'bson@0.2.9',
118 verbose parsed url   path: 'bson@0.2.9',
118 verbose parsed url   href: 'bson@0.2.9' }
119 verbose cache add [ 'kerberos@0.0.3', null ]
120 verbose cache add name=undefined spec="kerberos@0.0.3" args=["kerberos@0.0.3",null]
121 verbose parsed url { protocol: null,
121 verbose parsed url   slashes: null,
121 verbose parsed url   auth: null,
121 verbose parsed url   host: null,
121 verbose parsed url   port: null,
121 verbose parsed url   hostname: null,
121 verbose parsed url   hash: null,
121 verbose parsed url   search: null,
121 verbose parsed url   query: null,
121 verbose parsed url   pathname: 'kerberos@0.0.3',
121 verbose parsed url   path: 'kerberos@0.0.3',
121 verbose parsed url   href: 'kerberos@0.0.3' }
122 verbose cache add [ 'readable-stream@latest', null ]
123 verbose cache add name=undefined spec="readable-stream@latest" args=["readable-stream@latest",null]
124 verbose parsed url { protocol: null,
124 verbose parsed url   slashes: null,
124 verbose parsed url   auth: null,
124 verbose parsed url   host: null,
124 verbose parsed url   port: null,
124 verbose parsed url   hostname: null,
124 verbose parsed url   hash: null,
124 verbose parsed url   search: null,
124 verbose parsed url   query: null,
124 verbose parsed url   pathname: 'readable-stream@latest',
124 verbose parsed url   path: 'readable-stream@latest',
124 verbose parsed url   href: 'readable-stream@latest' }
125 verbose cache add name="bson" spec="0.2.9" args=["bson","0.2.9"]
126 verbose parsed url { protocol: null,
126 verbose parsed url   slashes: null,
126 verbose parsed url   auth: null,
126 verbose parsed url   host: null,
126 verbose parsed url   port: null,
126 verbose parsed url   hostname: null,
126 verbose parsed url   hash: null,
126 verbose parsed url   search: null,
126 verbose parsed url   query: null,
126 verbose parsed url   pathname: '0.2.9',
126 verbose parsed url   path: '0.2.9',
126 verbose parsed url   href: '0.2.9' }
127 verbose addNamed [ 'bson', '0.2.9' ]
128 verbose addNamed [ '0.2.9', '0.2.9' ]
129 silly lockFile 75495505-bson-0-2-9 bson@0.2.9
130 verbose lock bson@0.2.9 C:\Users\gabriel.lorenz\AppData\Roaming\npm-cache\75495505-bson-0-2-9.lock
131 verbose cache add name="readable-stream" spec="latest" args=["readable-stream","latest"]
132 verbose parsed url { protocol: null,
132 verbose parsed url   slashes: null,
132 verbose parsed url   auth: null,
132 verbose parsed url   host: null,
132 verbose parsed url   port: null,
132 verbose parsed url   hostname: null,
132 verbose parsed url   hash: null,
132 verbose parsed url   search: null,
132 verbose parsed url   query: null,
132 verbose parsed url   pathname: 'latest',
132 verbose parsed url   path: 'latest',
132 verbose parsed url   href: 'latest' }
133 verbose addNamed [ 'readable-stream', 'latest' ]
134 verbose addNamed [ null, null ]
135 silly lockFile 81e39f72-readable-stream-latest readable-stream@latest
136 verbose lock readable-stream@latest C:\Users\gabriel.lorenz\AppData\Roaming\npm-cache\81e39f72-readable-stream-latest.lock
137 verbose cache add name="kerberos" spec="0.0.3" args=["kerberos","0.0.3"]
138 verbose parsed url { protocol: null,
138 verbose parsed url   slashes: null,
138 verbose parsed url   auth: null,
138 verbose parsed url   host: null,
138 verbose parsed url   port: null,
138 verbose parsed url   hostname: null,
138 verbose parsed url   hash: null,
138 verbose parsed url   search: null,
138 verbose parsed url   query: null,
138 verbose parsed url   pathname: '0.0.3',
138 verbose parsed url   path: '0.0.3',
138 verbose parsed url   href: '0.0.3' }
139 verbose addNamed [ 'kerberos', '0.0.3' ]
140 verbose addNamed [ '0.0.3', '0.0.3' ]
141 silly lockFile fba4e7a6-kerberos-0-0-3 kerberos@0.0.3
142 verbose lock kerberos@0.0.3 C:\Users\gabriel.lorenz\AppData\Roaming\npm-cache\fba4e7a6-kerberos-0-0-3.lock
143 info addNameTag [ 'readable-stream', 'latest' ]
144 verbose url raw bson
145 verbose url resolving [ 'https://registry.npmjs.org/', './bson' ]
146 verbose url resolved https://registry.npmjs.org/bson
147 info trying registry request attempt 1 at 14:11:00
148 verbose etag "57ATDEB8WTZ4ZRGYPU6XJSB3X"
149 http GET https://registry.npmjs.org/bson
150 verbose url raw kerberos
151 verbose url resolving [ 'https://registry.npmjs.org/', './kerberos' ]
152 verbose url resolved https://registry.npmjs.org/kerberos
153 info trying registry request attempt 1 at 14:11:00
154 verbose etag "466VUDSF3913OM3KTCMCYNYKR"
155 http GET https://registry.npmjs.org/kerberos
156 verbose url raw readable-stream
157 verbose url resolving [ 'https://registry.npmjs.org/', './readable-stream' ]
158 verbose url resolved https://registry.npmjs.org/readable-stream
159 info trying registry request attempt 1 at 14:11:00
160 verbose etag "YVHTVA1TD82J1GVC84ACF21N"
161 http GET https://registry.npmjs.org/readable-stream
162 http 304 https://registry.npmjs.org/kerberos
163 silly registry.get cb [ 304,
163 silly registry.get   { date: 'Tue, 08 Jul 2014 18:12:07 GMT',
163 silly registry.get     server: 'Apache',
163 silly registry.get     via: '1.1 varnish',
163 silly registry.get     'last-modified': 'Tue, 08 Jul 2014 18:12:07 GMT',
163 silly registry.get     'cache-control': 'max-age=30',
163 silly registry.get     etag: '"466VUDSF3913OM3KTCMCYNYKR"',
163 silly registry.get     'x-served-by': 'cache-iad2123-IAD',
163 silly registry.get     'x-cache': 'HIT',
163 silly registry.get     'x-cache-hits': '1',
163 silly registry.get     'x-timer': 'S1404843127.187490,VS0,VE8',
163 silly registry.get     vary: 'Accept',
163 silly registry.get     'content-length': '0',
163 silly registry.get     'keep-alive': 'timeout=10, max=50',
163 silly registry.get     connection: 'Keep-Alive' } ]
164 verbose etag kerberos from cache
165 silly lockFile fba4e7a6-kerberos-0-0-3 kerberos@0.0.3
166 silly lockFile fba4e7a6-kerberos-0-0-3 kerberos@0.0.3
167 http 304 https://registry.npmjs.org/bson
168 silly registry.get cb [ 304,
168 silly registry.get   { date: 'Tue, 08 Jul 2014 18:12:07 GMT',
168 silly registry.get     server: 'Apache',
168 silly registry.get     via: '1.1 varnish',
168 silly registry.get     'last-modified': 'Tue, 08 Jul 2014 18:12:07 GMT',
168 silly registry.get     'cache-control': 'max-age=30',
168 silly registry.get     etag: '"57ATDEB8WTZ4ZRGYPU6XJSB3X"',
168 silly registry.get     'x-served-by': 'cache-iad2135-IAD',
168 silly registry.get     'x-cache': 'HIT',
168 silly registry.get     'x-cache-hits': '1',
168 silly registry.get     'x-timer': 'S1404843127.284430,VS0,VE0',
168 silly registry.get     vary: 'Accept',
168 silly registry.get     'content-length': '0',
168 silly registry.get     'keep-alive': 'timeout=10, max=50',
168 silly registry.get     connection: 'Keep-Alive' } ]
169 verbose etag bson from cache
170 silly lockFile 75495505-bson-0-2-9 bson@0.2.9
171 silly lockFile 75495505-bson-0-2-9 bson@0.2.9
172 http 304 https://registry.npmjs.org/readable-stream
173 silly registry.get cb [ 304,
173 silly registry.get   { date: 'Tue, 08 Jul 2014 18:12:07 GMT',
173 silly registry.get     server: 'Apache',
173 silly registry.get     via: '1.1 varnish',
173 silly registry.get     'last-modified': 'Tue, 08 Jul 2014 18:11:56 GMT',
173 silly registry.get     'cache-control': 'max-age=30',
173 silly registry.get     etag: '"YVHTVA1TD82J1GVC84ACF21N"',
173 silly registry.get     'x-served-by': 'cache-iad2124-IAD',
173 silly registry.get     'x-cache': 'HIT',
173 silly registry.get     'x-cache-hits': '2',
173 silly registry.get     'x-timer': 'S1404843127.302295,VS0,VE0',
173 silly registry.get     vary: 'Accept',
173 silly registry.get     'content-length': '0',
173 silly registry.get     'keep-alive': 'timeout=10, max=50',
173 silly registry.get     connection: 'Keep-Alive' } ]
174 verbose etag readable-stream from cache
175 verbose addNamed [ 'readable-stream', '1.0.27-1' ]
176 verbose addNamed [ '1.0.27-1', '1.0.27-1' ]
177 silly lockFile 8088f056-readable-stream-1-0-27-1 readable-stream@1.0.27-1
178 verbose lock readable-stream@1.0.27-1 C:\Users\gabriel.lorenz\AppData\Roaming\npm-cache\8088f056-readable-stream-1-0-27-1.lock
179 silly lockFile 8088f056-readable-stream-1-0-27-1 readable-stream@1.0.27-1
180 silly lockFile 8088f056-readable-stream-1-0-27-1 readable-stream@1.0.27-1
181 silly lockFile 81e39f72-readable-stream-latest readable-stream@latest
182 silly lockFile 81e39f72-readable-stream-latest readable-stream@latest
183 silly resolved [ { name: 'kerberos',
183 silly resolved     version: '0.0.3',
183 silly resolved     description: 'Kerberos library for Node.js',
183 silly resolved     main: 'index.js',
183 silly resolved     scripts:
183 silly resolved      { install: '(node-gyp rebuild 2> builderror.log) || (exit 0)',
183 silly resolved        test: 'nodeunit ./test' },
183 silly resolved     repository: { type: 'git', url: 'https://github.com/christkv/kerberos.git' },
183 silly resolved     keywords: [ 'kerberos', 'security', 'authentication' ],
183 silly resolved     devDependencies: { nodeunit: 'latest' },
183 silly resolved     author: { name: 'Christian Amor Kvalheim' },
183 silly resolved     license: 'Apache 2.0',
183 silly resolved     readmeFilename: 'README.md',
183 silly resolved     gitHead: 'bb01d4fe322e022999aca19da564e7d9db59a8ed',
183 silly resolved     readme: 'kerberos\n========\n\nKerberos library for node.js',
183 silly resolved     bugs: { url: 'https://github.com/christkv/kerberos/issues' },
183 silly resolved     _id: 'kerberos@0.0.3',
183 silly resolved     dist:
183 silly resolved      { shasum: '4285d92a0748db2784062f5adcec9f5956cb818a',
183 silly resolved        tarball: 'http://registry.npmjs.org/kerberos/-/kerberos-0.0.3.tgz' },
183 silly resolved     _from: 'kerberos@0.0.3',
183 silly resolved     _npmVersion: '1.3.5',
183 silly resolved     _npmUser: { name: 'christkv', email: 'christkv@gmail.com' },
183 silly resolved     maintainers: [ [Object] ],
183 silly resolved     directories: {},
183 silly resolved     _shasum: '4285d92a0748db2784062f5adcec9f5956cb818a',
183 silly resolved     _resolved: 'https://registry.npmjs.org/kerberos/-/kerberos-0.0.3.tgz',
183 silly resolved     homepage: 'https://github.com/christkv/kerberos' },
183 silly resolved   { name: 'bson',
183 silly resolved     description: 'A bson parser for node.js and the browser',
183 silly resolved     keywords: [ 'mongodb', 'bson', 'parser' ],
183 silly resolved     version: '0.2.9',
183 silly resolved     author: { name: 'Christian Amor Kvalheim', email: 'christkv@gmail.com' },
183 silly resolved     contributors: [],
183 silly resolved     repository: { type: 'git', url: 'git://github.com/mongodb/js-bson.git' },
183 silly resolved     bugs: { url: 'https://github.com/mongodb/js-bson/issues' },
183 silly resolved     dependencies: { nan: '~1.0.0' },
183 silly resolved     devDependencies: { nodeunit: '0.9.0', gleak: '0.2.3', one: '2.X.X' },
183 silly resolved     config: { native: false },
183 silly resolved     main: './lib/bson/index',
183 silly resolved     directories: { lib: './lib/bson' },
183 silly resolved     engines: { node: '>=0.6.19' },
183 silly resolved     scripts:
183 silly resolved      { install: '(node-gyp rebuild 2> builderror.log) || (exit 0)',
183 silly resolved        test: 'nodeunit ./test/node && TEST_NATIVE=TRUE nodeunit ./test/node' },
183 silly resolved     browser: 'lib/bson/bson.js',
183 silly resolved     licenses: [ [Object] ],
183 silly resolved     homepage: 'https://github.com/mongodb/js-bson',
183 silly resolved     _id: 'bson@0.2.9',
183 silly resolved     dist:
183 silly resolved      { shasum: 'ee3716a52c985ff3074b6ece3257c75ee12f3a05',
183 silly resolved        tarball: 'http://registry.npmjs.org/bson/-/bson-0.2.9.tgz' },
183 silly resolved     _from: 'bson@0.2.9',
183 silly resolved     _npmVersion: '1.4.3',
183 silly resolved     _npmUser: { name: 'christkv', email: 'christkv@gmail.com' },
183 silly resolved     maintainers: [ [Object], [Object] ],
183 silly resolved     _shasum: 'ee3716a52c985ff3074b6ece3257c75ee12f3a05',
183 silly resolved     _resolved: 'https://registry.npmjs.org/bson/-/bson-0.2.9.tgz',
183 silly resolved     readme: 'ERROR: No README data found!' },
183 silly resolved   { name: 'readable-stream',
183 silly resolved     version: '1.0.27-1',
183 silly resolved     description: 'Streams2, a user-land copy of the stream library from Node.js v0.10.x',
183 silly resolved     main: 'readable.js',
183 silly resolved     dependencies:
183 silly resolved      { 'core-util-is': '~1.0.0',
183 silly resolved        isarray: '0.0.1',
183 silly resolved        string_decoder: '~0.10.x',
183 silly resolved        inherits: '~2.0.1' },
183 silly resolved     devDependencies: { tap: '~0.2.6' },
183 silly resolved     scripts: { test: 'tap test/simple/*.js' },
183 silly resolved     repository: { type: 'git', url: 'git://github.com/isaacs/readable-stream' },
183 silly resolved     keywords: [ 'readable', 'stream', 'pipe' ],
183 silly resolved     browser: { util: false },
183 silly resolved     author:
183 silly resolved      { name: 'Isaac Z. Schlueter',
183 silly resolved        email: 'i@izs.me',
183 silly resolved        url: 'http://blog.izs.me/' },
183 silly resolved     license: 'MIT',
183 silly resolved     bugs: { url: 'https://github.com/isaacs/readable-stream/issues' },
183 silly resolved     homepage: 'https://github.com/isaacs/readable-stream',
183 silly resolved     _id: 'readable-stream@1.0.27-1',
183 silly resolved     dist:
183 silly resolved      { shasum: '6b67983c20357cefd07f0165001a16d710d91078',
183 silly resolved        tarball: 'http://registry.npmjs.org/readable-stream/-/readable-stream-1.0.27-1.tgz' },
183 silly resolved     _from: 'readable-stream@latest',
183 silly resolved     _npmVersion: '1.4.3',
183 silly resolved     _npmUser: { name: 'rvagg', email: 'rod@vagg.org' },
183 silly resolved     maintainers: [ [Object], [Object], [Object] ],
183 silly resolved     directories: {},
183 silly resolved     _shasum: '6b67983c20357cefd07f0165001a16d710d91078',
183 silly resolved     _resolved: 'https://registry.npmjs.org/readable-stream/-/readable-stream-1.0.27-1.tgz',
183 silly resolved     readme: 'ERROR: No README data found!' } ]
184 info install kerberos@0.0.3 into H:\Desktop\Environment\wildstar\node_modules\mongodb
185 info install bson@0.2.9 into H:\Desktop\Environment\wildstar\node_modules\mongodb
186 info install readable-stream@1.0.27-1 into H:\Desktop\Environment\wildstar\node_modules\mongodb
187 info installOne kerberos@0.0.3
188 info installOne bson@0.2.9
189 info installOne readable-stream@1.0.27-1
190 info H:\Desktop\Environment\wildstar\node_modules\mongodb\node_modules\bson unbuild
191 info H:\Desktop\Environment\wildstar\node_modules\mongodb\node_modules\readable-stream unbuild
192 info H:\Desktop\Environment\wildstar\node_modules\mongodb\node_modules\kerberos unbuild
193 verbose tar unpack C:\Users\gabriel.lorenz\AppData\Roaming\npm-cache\readable-stream\1.0.27-1\package.tgz
194 silly lockFile 2b6ca77b-odb-node-modules-readable-stream tar://H:\Desktop\Environment\wildstar\node_modules\mongodb\node_modules\readable-stream
195 verbose lock tar://H:\Desktop\Environment\wildstar\node_modules\mongodb\node_modules\readable-stream C:\Users\gabriel.lorenz\AppData\Roaming\npm-cache\2b6ca77b-odb-node-modules-readable-stream.lock
196 silly lockFile 698358c3-able-stream-1-0-27-1-package-tgz tar://C:\Users\gabriel.lorenz\AppData\Roaming\npm-cache\readable-stream\1.0.27-1\package.tgz
197 verbose lock tar://C:\Users\gabriel.lorenz\AppData\Roaming\npm-cache\readable-stream\1.0.27-1\package.tgz C:\Users\gabriel.lorenz\AppData\Roaming\npm-cache\698358c3-able-stream-1-0-27-1-package-tgz.lock
198 verbose tar unpack C:\Users\gabriel.lorenz\AppData\Roaming\npm-cache\bson\0.2.9\package.tgz
199 silly lockFile 416ff6b2-odules-mongodb-node-modules-bson tar://H:\Desktop\Environment\wildstar\node_modules\mongodb\node_modules\bson
200 verbose lock tar://H:\Desktop\Environment\wildstar\node_modules\mongodb\node_modules\bson C:\Users\gabriel.lorenz\AppData\Roaming\npm-cache\416ff6b2-odules-mongodb-node-modules-bson.lock
201 silly lockFile 6eeea6f3-npm-cache-bson-0-2-9-package-tgz tar://C:\Users\gabriel.lorenz\AppData\Roaming\npm-cache\bson\0.2.9\package.tgz
202 verbose lock tar://C:\Users\gabriel.lorenz\AppData\Roaming\npm-cache\bson\0.2.9\package.tgz C:\Users\gabriel.lorenz\AppData\Roaming\npm-cache\6eeea6f3-npm-cache-bson-0-2-9-package-tgz.lock
203 verbose tar unpack C:\Users\gabriel.lorenz\AppData\Roaming\npm-cache\kerberos\0.0.3\package.tgz
204 silly lockFile 0c37d2bd-es-mongodb-node-modules-kerberos tar://H:\Desktop\Environment\wildstar\node_modules\mongodb\node_modules\kerberos
205 verbose lock tar://H:\Desktop\Environment\wildstar\node_modules\mongodb\node_modules\kerberos C:\Users\gabriel.lorenz\AppData\Roaming\npm-cache\0c37d2bd-es-mongodb-node-modules-kerberos.lock
206 silly lockFile d1fc6a39-cache-kerberos-0-0-3-package-tgz tar://C:\Users\gabriel.lorenz\AppData\Roaming\npm-cache\kerberos\0.0.3\package.tgz
207 verbose lock tar://C:\Users\gabriel.lorenz\AppData\Roaming\npm-cache\kerberos\0.0.3\package.tgz C:\Users\gabriel.lorenz\AppData\Roaming\npm-cache\d1fc6a39-cache-kerberos-0-0-3-package-tgz.lock
208 silly gunzTarPerm modes [ '755', '644' ]
209 silly gunzTarPerm modes [ '755', '644' ]
210 silly gunzTarPerm modes [ '755', '644' ]
211 silly gunzTarPerm extractEntry package.json
212 silly gunzTarPerm extractEntry package.json
213 silly gunzTarPerm extractEntry package.json
214 silly gunzTarPerm extractEntry .npmignore
215 silly gunzTarPerm extractEntry README.md
216 silly gunzTarPerm extractEntry README.md
217 silly gunzTarPerm extractEntry LICENSE
218 silly gunzTarPerm extractEntry README.md
219 silly gunzTarPerm extractEntry LICENSE
220 silly gunzTarPerm extractEntry index.js
221 silly gunzTarPerm extractEntry binding.gyp
222 silly gunzTarPerm extractEntry build_browser.js
223 silly gunzTarPerm extractEntry LICENSE
224 silly gunzTarPerm extractEntry duplex.js
225 silly gunzTarPerm extractEntry lib/kerberos.js
226 silly gunzTarPerm extractEntry builderror.log
227 silly gunzTarPerm extractEntry browser_build/package.json
228 silly gunzTarPerm extractEntry passthrough.js
229 silly gunzTarPerm extractEntry readable.js
230 silly gunzTarPerm extractEntry transform.js
231 silly gunzTarPerm extractEntry writable.js
232 silly gunzTarPerm extractEntry browser_build/bson.js
233 silly gunzTarPerm extractEntry build/Makefile
234 silly gunzTarPerm extractEntry lib/sspi.js
235 silly gunzTarPerm extractEntry lib/kerberos_context.h
236 silly gunzTarPerm extractEntry build/Release/.deps/Release/bson.node.d
237 silly gunzTarPerm extractEntry build/Release/.deps/Release/obj.target/bson/ext/bson.o.d
238 silly gunzTarPerm extractEntry lib/_stream_duplex.js
239 silly gunzTarPerm extractEntry lib/_stream_passthrough.js
240 silly gunzTarPerm extractEntry lib/kerberos.cc
241 silly gunzTarPerm extractEntry lib/kerberos.h
242 silly gunzTarPerm extractEntry build/Release/bson.node
243 silly gunzTarPerm extractEntry build/Release/linker.lock
244 silly gunzTarPerm extractEntry lib/_stream_readable.js
245 silly gunzTarPerm extractEntry lib/auth_processes/mongodb.js
246 silly gunzTarPerm extractEntry lib/kerberos_context.cc
247 silly gunzTarPerm extractEntry lib/_stream_transform.js
248 silly gunzTarPerm extractEntry lib/_stream_writable.js
249 silly gunzTarPerm extractEntry build/Release/obj.target/bson/ext/bson.o
250 silly gunzTarPerm extractEntry build/binding.Makefile
251 silly gunzTarPerm extractEntry lib/base64.c
252 silly gunzTarPerm extractEntry lib/kerberosgss.c
253 silly gunzTarPerm extractEntry lib/kerberosgss.h
254 silly gunzTarPerm extractEntry lib/base64.h
255 silly gunzTarPerm extractEntry lib/win32/base64.c
256 silly gunzTarPerm extractEntry lib/win32/base64.h
257 silly gunzTarPerm extractEntry lib/win32/kerberos.cc
258 silly gunzTarPerm extractEntry lib/win32/kerberos.h
259 silly gunzTarPerm extractEntry lib/win32/kerberos_sspi.c
260 silly gunzTarPerm extractEntry lib/win32/kerberos_sspi.h
261 silly gunzTarPerm extractEntry lib/win32/worker.cc
262 silly gunzTarPerm extractEntry lib/win32/worker.h
263 silly gunzTarPerm extractEntry lib/win32/wrappers/security_credentials.js
264 silly gunzTarPerm extractEntry lib/win32/wrappers/security_buffer.js
265 silly gunzTarPerm extractEntry lib/win32/wrappers/security_buffer_descriptor.js
266 silly gunzTarPerm extractEntry lib/win32/wrappers/security_context.js
267 silly lockFile 2b6ca77b-odb-node-modules-readable-stream tar://H:\Desktop\Environment\wildstar\node_modules\mongodb\node_modules\readable-stream
268 silly lockFile 2b6ca77b-odb-node-modules-readable-stream tar://H:\Desktop\Environment\wildstar\node_modules\mongodb\node_modules\readable-stream
269 silly lockFile 698358c3-able-stream-1-0-27-1-package-tgz tar://C:\Users\gabriel.lorenz\AppData\Roaming\npm-cache\readable-stream\1.0.27-1\package.tgz
270 silly lockFile 698358c3-able-stream-1-0-27-1-package-tgz tar://C:\Users\gabriel.lorenz\AppData\Roaming\npm-cache\readable-stream\1.0.27-1\package.tgz
271 info preinstall readable-stream@1.0.27-1
272 silly gunzTarPerm extractEntry lib/win32/wrappers/security_buffer_descriptor.h
273 silly gunzTarPerm extractEntry lib/win32/wrappers/security_buffer.cc
274 verbose readDependencies using package.json deps
275 verbose readDependencies using package.json deps
276 verbose cache add [ 'core-util-is@~1.0.0', null ]
277 verbose cache add name=undefined spec="core-util-is@~1.0.0" args=["core-util-is@~1.0.0",null]
278 verbose parsed url { protocol: null,
278 verbose parsed url   slashes: null,
278 verbose parsed url   auth: null,
278 verbose parsed url   host: null,
278 verbose parsed url   port: null,
278 verbose parsed url   hostname: null,
278 verbose parsed url   hash: null,
278 verbose parsed url   search: null,
278 verbose parsed url   query: null,
278 verbose parsed url   pathname: 'core-util-is@~1.0.0',
278 verbose parsed url   path: 'core-util-is@~1.0.0',
278 verbose parsed url   href: 'core-util-is@~1.0.0' }
279 verbose cache add [ 'isarray@0.0.1', null ]
280 verbose cache add name=undefined spec="isarray@0.0.1" args=["isarray@0.0.1",null]
281 verbose parsed url { protocol: null,
281 verbose parsed url   slashes: null,
281 verbose parsed url   auth: null,
281 verbose parsed url   host: null,
281 verbose parsed url   port: null,
281 verbose parsed url   hostname: null,
281 verbose parsed url   hash: null,
281 verbose parsed url   search: null,
281 verbose parsed url   query: null,
281 verbose parsed url   pathname: 'isarray@0.0.1',
281 verbose parsed url   path: 'isarray@0.0.1',
281 verbose parsed url   href: 'isarray@0.0.1' }
282 verbose cache add [ 'string_decoder@~0.10.x', null ]
283 verbose cache add name=undefined spec="string_decoder@~0.10.x" args=["string_decoder@~0.10.x",null]
284 verbose parsed url { protocol: null,
284 verbose parsed url   slashes: null,
284 verbose parsed url   auth: null,
284 verbose parsed url   host: null,
284 verbose parsed url   port: null,
284 verbose parsed url   hostname: null,
284 verbose parsed url   hash: null,
284 verbose parsed url   search: null,
284 verbose parsed url   query: null,
284 verbose parsed url   pathname: 'string_decoder@~0.10.x',
284 verbose parsed url   path: 'string_decoder@~0.10.x',
284 verbose parsed url   href: 'string_decoder@~0.10.x' }
285 verbose cache add [ 'inherits@~2.0.1', null ]
286 verbose cache add name=undefined spec="inherits@~2.0.1" args=["inherits@~2.0.1",null]
287 verbose parsed url { protocol: null,
287 verbose parsed url   slashes: null,
287 verbose parsed url   auth: null,
287 verbose parsed url   host: null,
287 verbose parsed url   port: null,
287 verbose parsed url   hostname: null,
287 verbose parsed url   hash: null,
287 verbose parsed url   search: null,
287 verbose parsed url   query: null,
287 verbose parsed url   pathname: 'inherits@~2.0.1',
287 verbose parsed url   path: 'inherits@~2.0.1',
287 verbose parsed url   href: 'inherits@~2.0.1' }
288 silly gunzTarPerm extractEntry build/bson.target.mk
289 silly gunzTarPerm extractEntry build/config.gypi
290 verbose cache add name="string_decoder" spec="~0.10.x" args=["string_decoder","~0.10.x"]
291 verbose parsed url { protocol: null,
291 verbose parsed url   slashes: null,
291 verbose parsed url   auth: null,
291 verbose parsed url   host: null,
291 verbose parsed url   port: null,
291 verbose parsed url   hostname: null,
291 verbose parsed url   hash: null,
291 verbose parsed url   search: null,
291 verbose parsed url   query: null,
291 verbose parsed url   pathname: '~0.10.x',
291 verbose parsed url   path: '~0.10.x',
291 verbose parsed url   href: '~0.10.x' }
292 verbose addNamed [ 'string_decoder', '~0.10.x' ]
293 verbose addNamed [ null, '>=0.10.0-0 <0.11.0-0' ]
294 silly lockFile 8f75c97d-string-decoder-0-10-x string_decoder@~0.10.x
295 verbose lock string_decoder@~0.10.x C:\Users\gabriel.lorenz\AppData\Roaming\npm-cache\8f75c97d-string-decoder-0-10-x.lock
296 verbose cache add name="core-util-is" spec="~1.0.0" args=["core-util-is","~1.0.0"]
297 verbose parsed url { protocol: null,
297 verbose parsed url   slashes: null,
297 verbose parsed url   auth: null,
297 verbose parsed url   host: null,
297 verbose parsed url   port: null,
297 verbose parsed url   hostname: null,
297 verbose parsed url   hash: null,
297 verbose parsed url   search: null,
297 verbose parsed url   query: null,
297 verbose parsed url   pathname: '~1.0.0',
297 verbose parsed url   path: '~1.0.0',
297 verbose parsed url   href: '~1.0.0' }
298 verbose addNamed [ 'core-util-is', '~1.0.0' ]
299 verbose addNamed [ null, '>=1.0.0-0 <1.1.0-0' ]
300 silly lockFile 577b60c4-core-util-is-1-0-0 core-util-is@~1.0.0
301 verbose lock core-util-is@~1.0.0 C:\Users\gabriel.lorenz\AppData\Roaming\npm-cache\577b60c4-core-util-is-1-0-0.lock
302 verbose cache add name="inherits" spec="~2.0.1" args=["inherits","~2.0.1"]
303 verbose parsed url { protocol: null,
303 verbose parsed url   slashes: null,
303 verbose parsed url   auth: null,
303 verbose parsed url   host: null,
303 verbose parsed url   port: null,
303 verbose parsed url   hostname: null,
303 verbose parsed url   hash: null,
303 verbose parsed url   search: null,
303 verbose parsed url   query: null,
303 verbose parsed url   pathname: '~2.0.1',
303 verbose parsed url   path: '~2.0.1',
303 verbose parsed url   href: '~2.0.1' }
304 verbose addNamed [ 'inherits', '~2.0.1' ]
305 verbose addNamed [ null, '>=2.0.1-0 <2.1.0-0' ]
306 silly lockFile 098ef39f-inherits-2-0-1 inherits@~2.0.1
307 verbose lock inherits@~2.0.1 C:\Users\gabriel.lorenz\AppData\Roaming\npm-cache\098ef39f-inherits-2-0-1.lock
308 verbose cache add name="isarray" spec="0.0.1" args=["isarray","0.0.1"]
309 verbose parsed url { protocol: null,
309 verbose parsed url   slashes: null,
309 verbose parsed url   auth: null,
309 verbose parsed url   host: null,
309 verbose parsed url   port: null,
309 verbose parsed url   hostname: null,
309 verbose parsed url   hash: null,
309 verbose parsed url   search: null,
309 verbose parsed url   query: null,
309 verbose parsed url   pathname: '0.0.1',
309 verbose parsed url   path: '0.0.1',
309 verbose parsed url   href: '0.0.1' }
310 verbose addNamed [ 'isarray', '0.0.1' ]
311 verbose addNamed [ '0.0.1', '0.0.1' ]
312 silly lockFile 9efe11b1-isarray-0-0-1 isarray@0.0.1
313 verbose lock isarray@0.0.1 C:\Users\gabriel.lorenz\AppData\Roaming\npm-cache\9efe11b1-isarray-0-0-1.lock
314 silly addNameRange { name: 'string_decoder',
314 silly addNameRange   range: '>=0.10.0-0 <0.11.0-0',
314 silly addNameRange   hasData: false }
315 silly addNameRange { name: 'core-util-is',
315 silly addNameRange   range: '>=1.0.0-0 <1.1.0-0',
315 silly addNameRange   hasData: false }
316 silly addNameRange { name: 'inherits', range: '>=2.0.1-0 <2.1.0-0', hasData: false }
317 verbose url raw string_decoder
318 verbose url resolving [ 'https://registry.npmjs.org/', './string_decoder' ]
319 verbose url resolved https://registry.npmjs.org/string_decoder
320 info trying registry request attempt 1 at 14:11:06
321 verbose etag "6HM2ORGV43ATIURSY3WINCV2E"
322 http GET https://registry.npmjs.org/string_decoder
323 verbose url raw core-util-is
324 verbose url resolving [ 'https://registry.npmjs.org/', './core-util-is' ]
325 verbose url resolved https://registry.npmjs.org/core-util-is
326 info trying registry request attempt 1 at 14:11:06
327 verbose etag "EV6HUY21EVAG4I1PTLWEZEQJ8"
328 http GET https://registry.npmjs.org/core-util-is
329 verbose url raw inherits
330 verbose url resolving [ 'https://registry.npmjs.org/', './inherits' ]
331 verbose url resolved https://registry.npmjs.org/inherits
332 info trying registry request attempt 1 at 14:11:06
333 verbose etag "B3IKFQKD5JHD1Z8M7NZ40DCMC"
334 http GET https://registry.npmjs.org/inherits
335 verbose url raw isarray
336 verbose url resolving [ 'https://registry.npmjs.org/', './isarray' ]
337 verbose url resolved https://registry.npmjs.org/isarray
338 info trying registry request attempt 1 at 14:11:06
339 verbose etag "J5VY3OYLNKRHB8SCNTTO7SDB"
340 http GET https://registry.npmjs.org/isarray
341 http 304 https://registry.npmjs.org/inherits
342 silly registry.get cb [ 304,
342 silly registry.get   { date: 'Tue, 08 Jul 2014 18:12:13 GMT',
342 silly registry.get     server: 'Apache',
342 silly registry.get     via: '1.1 varnish',
342 silly registry.get     'last-modified': 'Tue, 08 Jul 2014 18:12:01 GMT',
342 silly registry.get     'cache-control': 'max-age=30',
342 silly registry.get     etag: '"B3IKFQKD5JHD1Z8M7NZ40DCMC"',
342 silly registry.get     'x-served-by': 'cache-jfk1028-JFK',
342 silly registry.get     'x-cache': 'HIT',
342 silly registry.get     'x-cache-hits': '5',
342 silly registry.get     'x-timer': 'S1404843133.287564,VS0,VE0',
342 silly registry.get     vary: 'Accept',
342 silly registry.get     'content-length': '0',
342 silly registry.get     'keep-alive': 'timeout=10, max=50',
342 silly registry.get     connection: 'Keep-Alive' } ]
343 verbose etag inherits from cache
344 http 304 https://registry.npmjs.org/isarray
345 silly registry.get cb [ 304,
345 silly registry.get   { date: 'Tue, 08 Jul 2014 18:12:13 GMT',
345 silly registry.get     server: 'Apache',
345 silly registry.get     via: '1.1 varnish',
345 silly registry.get     'last-modified': 'Tue, 08 Jul 2014 18:11:44 GMT',
345 silly registry.get     'cache-control': 'max-age=30',
345 silly registry.get     etag: '"J5VY3OYLNKRHB8SCNTTO7SDB"',
345 silly registry.get     'x-served-by': 'cache-jfk1023-JFK',
345 silly registry.get     'x-cache': 'HIT',
345 silly registry.get     'x-cache-hits': '2',
345 silly registry.get     'x-timer': 'S1404843133.289714,VS0,VE0',
345 silly registry.get     vary: 'Accept',
345 silly registry.get     'content-length': '0',
345 silly registry.get     'keep-alive': 'timeout=10, max=50',
345 silly registry.get     connection: 'Keep-Alive' } ]
346 verbose etag isarray from cache
347 http 304 https://registry.npmjs.org/string_decoder
348 silly registry.get cb [ 304,
348 silly registry.get   { date: 'Tue, 08 Jul 2014 18:12:13 GMT',
348 silly registry.get     server: 'Apache',
348 silly registry.get     via: '1.1 varnish',
348 silly registry.get     'last-modified': 'Tue, 08 Jul 2014 18:11:59 GMT',
348 silly registry.get     'cache-control': 'max-age=30',
348 silly registry.get     etag: '"6HM2ORGV43ATIURSY3WINCV2E"',
348 silly registry.get     'x-served-by': 'cache-jfk1026-JFK',
348 silly registry.get     'x-cache': 'HIT',
348 silly registry.get     'x-cache-hits': '4',
348 silly registry.get     'x-timer': 'S1404843133.288228,VS0,VE0',
348 silly registry.get     vary: 'Accept',
348 silly registry.get     'content-length': '0',
348 silly registry.get     'keep-alive': 'timeout=10, max=50',
348 silly registry.get     connection: 'Keep-Alive' } ]
349 verbose etag string_decoder from cache
350 silly addNameRange number 2 { name: 'inherits', range: '>=2.0.1-0 <2.1.0-0', hasData: true }
351 silly addNameRange versions [ 'inherits', [ '1.0.0', '2.0.0', '2.0.1' ] ]
352 verbose addNamed [ 'inherits', '2.0.1' ]
353 verbose addNamed [ '2.0.1', '2.0.1' ]
354 silly lockFile 2b2e8f1b-inherits-2-0-1 inherits@2.0.1
355 verbose lock inherits@2.0.1 C:\Users\gabriel.lorenz\AppData\Roaming\npm-cache\2b2e8f1b-inherits-2-0-1.lock
356 silly addNameRange number 2 { name: 'string_decoder',
356 silly addNameRange   range: '>=0.10.0-0 <0.11.0-0',
356 silly addNameRange   hasData: true }
357 silly addNameRange versions [ 'string_decoder',
357 silly addNameRange   [ '0.0.0',
357 silly addNameRange     '0.0.1',
357 silly addNameRange     '0.10.24',
357 silly addNameRange     '0.11.10',
357 silly addNameRange     '0.10.25',
357 silly addNameRange     '0.11.10-1',
357 silly addNameRange     '0.10.25-1' ] ]
358 verbose addNamed [ 'string_decoder', '0.10.25-1' ]
359 verbose addNamed [ '0.10.25-1', '0.10.25-1' ]
360 silly lockFile 02308433-string-decoder-0-10-25-1 string_decoder@0.10.25-1
361 verbose lock string_decoder@0.10.25-1 C:\Users\gabriel.lorenz\AppData\Roaming\npm-cache\02308433-string-decoder-0-10-25-1.lock
362 http 304 https://registry.npmjs.org/core-util-is
363 silly registry.get cb [ 304,
363 silly registry.get   { date: 'Tue, 08 Jul 2014 18:12:13 GMT',
363 silly registry.get     server: 'Apache',
363 silly registry.get     via: '1.1 varnish',
363 silly registry.get     'last-modified': 'Tue, 08 Jul 2014 18:12:13 GMT',
363 silly registry.get     'cache-control': 'max-age=30',
363 silly registry.get     etag: '"EV6HUY21EVAG4I1PTLWEZEQJ8"',
363 silly registry.get     'x-served-by': 'cache-jfk1035-JFK',
363 silly registry.get     'x-cache': 'HIT',
363 silly registry.get     'x-cache-hits': '1',
363 silly registry.get     'x-timer': 'S1404843133.297408,VS0,VE0',
363 silly registry.get     vary: 'Accept',
363 silly registry.get     'content-length': '0',
363 silly registry.get     'keep-alive': 'timeout=10, max=50',
363 silly registry.get     connection: 'Keep-Alive' } ]
364 verbose etag core-util-is from cache
365 silly lockFile 9efe11b1-isarray-0-0-1 isarray@0.0.1
366 silly lockFile 9efe11b1-isarray-0-0-1 isarray@0.0.1
367 silly lockFile 2b2e8f1b-inherits-2-0-1 inherits@2.0.1
368 silly lockFile 2b2e8f1b-inherits-2-0-1 inherits@2.0.1
369 silly lockFile 098ef39f-inherits-2-0-1 inherits@~2.0.1
370 silly lockFile 098ef39f-inherits-2-0-1 inherits@~2.0.1
371 silly lockFile 02308433-string-decoder-0-10-25-1 string_decoder@0.10.25-1
372 silly lockFile 02308433-string-decoder-0-10-25-1 string_decoder@0.10.25-1
373 silly addNameRange number 2 { name: 'core-util-is',
373 silly addNameRange   range: '>=1.0.0-0 <1.1.0-0',
373 silly addNameRange   hasData: true }
374 silly addNameRange versions [ 'core-util-is', [ '1.0.0', '1.0.1' ] ]
375 verbose addNamed [ 'core-util-is', '1.0.1' ]
376 verbose addNamed [ '1.0.1', '1.0.1' ]
377 silly lockFile 40ef24cf-core-util-is-1-0-1 core-util-is@1.0.1
378 verbose lock core-util-is@1.0.1 C:\Users\gabriel.lorenz\AppData\Roaming\npm-cache\40ef24cf-core-util-is-1-0-1.lock
379 silly lockFile 8f75c97d-string-decoder-0-10-x string_decoder@~0.10.x
380 silly lockFile 8f75c97d-string-decoder-0-10-x string_decoder@~0.10.x
381 silly lockFile 40ef24cf-core-util-is-1-0-1 core-util-is@1.0.1
382 silly lockFile 40ef24cf-core-util-is-1-0-1 core-util-is@1.0.1
383 silly lockFile 577b60c4-core-util-is-1-0-0 core-util-is@~1.0.0
384 silly lockFile 577b60c4-core-util-is-1-0-0 core-util-is@~1.0.0
385 silly resolved [ { name: 'isarray',
385 silly resolved     description: 'Array#isArray for older browsers',
385 silly resolved     version: '0.0.1',
385 silly resolved     repository:
385 silly resolved      { type: 'git',
385 silly resolved        url: 'git://github.com/juliangruber/isarray.git' },
385 silly resolved     homepage: 'https://github.com/juliangruber/isarray',
385 silly resolved     main: 'index.js',
385 silly resolved     scripts: { test: 'tap test/*.js' },
385 silly resolved     dependencies: {},
385 silly resolved     devDependencies: { tap: '*' },
385 silly resolved     keywords: [ 'browser', 'isarray', 'array' ],
385 silly resolved     author:
385 silly resolved      { name: 'Julian Gruber',
385 silly resolved        email: 'mail@juliangruber.com',
385 silly resolved        url: 'http://juliangruber.com' },
385 silly resolved     license: 'MIT',
385 silly resolved     readme: '\n# isarray\n\n`Array#isArray` for older browsers.\n\n## Usage\n\n```js\nvar isArray = require(\'isarray\');\n\nconsole.log(isArray([])); // => true\nconsole.log(isArray({})); // => false\n```\n\n## Installation\n\nWith [npm](http://npmjs.org) do\n\n```bash\n$ npm install isarray\n```\n\nThen bundle for the browser with\n[browserify](https://github.com/substack/browserify).\n\nWith [component](http://component.io) do\n\n```bash\n$ component install juliangruber/isarray\n```\n\n## License\n\n(MIT)\n\nCopyright (c) 2013 Julian Gruber &lt;julian@juliangruber.com&gt;\n\nPermission is hereby granted, free of charge, to any person obtaining a copy of\nthis software and associated documentation files (the "Software"), to deal in\nthe Software without restriction, including without limitation the rights to\nuse, copy, modify, merge, publish, distribute, sublicense, and/or sell copies\nof the Software, and to permit persons to whom the Software is furnished to do\nso, subject to the following conditions:\n\nThe above copyright notice and this permission notice shall be included in all\ncopies or substantial portions of the Software.\n\nTHE SOFTWARE IS PROVIDED "AS IS", WITHOUT WARRANTY OF ANY KIND, EXPRESS OR\nIMPLIED, INCLUDING BUT NOT LIMITED TO THE WARRANTIES OF MERCHANTABILITY,\nFITNESS FOR A PARTICULAR PURPOSE AND NONINFRINGEMENT. IN NO EVENT SHALL THE\nAUTHORS OR COPYRIGHT HOLDERS BE LIABLE FOR ANY CLAIM, DAMAGES OR OTHER\nLIABILITY, WHETHER IN AN ACTION OF CONTRACT, TORT OR OTHERWISE, ARISING FROM,\nOUT OF OR IN CONNECTION WITH THE SOFTWARE OR THE USE OR OTHER DEALINGS IN THE\nSOFTWARE.\n',
385 silly resolved     readmeFilename: 'README.md',
385 silly resolved     _id: 'isarray@0.0.1',
385 silly resolved     dist:
385 silly resolved      { shasum: '8a18acfca9a8f4177e09abfc6038939b05d1eedf',
385 silly resolved        tarball: 'http://registry.npmjs.org/isarray/-/isarray-0.0.1.tgz' },
385 silly resolved     _from: 'isarray@0.0.1',
385 silly resolved     _npmVersion: '1.2.18',
385 silly resolved     _npmUser: { name: 'juliangruber', email: 'julian@juliangruber.com' },
385 silly resolved     maintainers: [ [Object] ],
385 silly resolved     directories: {},
385 silly resolved     _shasum: '8a18acfca9a8f4177e09abfc6038939b05d1eedf',
385 silly resolved     _resolved: 'https://registry.npmjs.org/isarray/-/isarray-0.0.1.tgz',
385 silly resolved     bugs: { url: 'https://github.com/juliangruber/isarray/issues' } },
385 silly resolved   { name: 'inherits',
385 silly resolved     description: 'Browser-friendly inheritance fully compatible with standard node.js inherits()',
385 silly resolved     version: '2.0.1',
385 silly resolved     keywords:
385 silly resolved      [ 'inheritance',
385 silly resolved        'class',
385 silly resolved        'klass',
385 silly resolved        'oop',
385 silly resolved        'object-oriented',
385 silly resolved        'inherits',
385 silly resolved        'browser',
385 silly resolved        'browserify' ],
385 silly resolved     main: './inherits.js',
385 silly resolved     browser: './inherits_browser.js',
385 silly resolved     repository: { type: 'git', url: 'git://github.com/isaacs/inherits' },
385 silly resolved     license: 'ISC',
385 silly resolved     scripts: { test: 'node test' },
385 silly resolved     readme: 'Browser-friendly inheritance fully compatible with standard node.js\n[inherits](http://nodejs.org/api/util.html#util_util_inherits_constructor_superconstructor).\n\nThis package exports standard `inherits` from node.js `util` module in\nnode environment, but also provides alternative browser-friendly\nimplementation through [browser\nfield](https://gist.github.com/shtylman/4339901). Alternative\nimplementation is a literal copy of standard one located in standalone\nmodule to avoid requiring of `util`. It also has a shim for old\nbrowsers with no `Object.create` support.\n\nWhile keeping you sure you are using standard `inherits`\nimplementation in node.js environment, it allows bundlers such as\n[browserify](https://github.com/substack/node-browserify) to not\ninclude full `util` package to your client code if all you need is\njust `inherits` function. It worth, because browser shim for `util`\npackage is large and `inherits` is often the single function you need\nfrom it.\n\nIt\'s recommended to use this package instead of\n`require(\'util\').inherits` for any code that has chances to be used\nnot only in node.js but in browser too.\n\n## usage\n\n```js\nvar inherits = require(\'inherits\');\n// then use exactly as the standard one\n```\n\n## note on version ~1.0\n\nVersion ~1.0 had completely different motivation and is not compatible\nneither with 2.0 nor with standard node.js `inherits`.\n\nIf you are using version ~1.0 and planning to switch to ~2.0, be\ncareful:\n\n* new version uses `super_` instead of `super` for referencing\n  superclass\n* new version overwrites current prototype while old one preserves any\n  existing fields on it\n',
385 silly resolved     readmeFilename: 'README.md',
385 silly resolved     bugs: { url: 'https://github.com/isaacs/inherits/issues' },
385 silly resolved     _id: 'inherits@2.0.1',
385 silly resolved     dist:
385 silly resolved      { shasum: 'b17d08d326b4423e568eff719f91b0b1cbdf69f1',
385 silly resolved        tarball: 'http://registry.npmjs.org/inherits/-/inherits-2.0.1.tgz' },
385 silly resolved     _from: 'inherits@~2.0.1',
385 silly resolved     _npmVersion: '1.3.8',
385 silly resolved     _npmUser: { name: 'isaacs', email: 'i@izs.me' },
385 silly resolved     maintainers: [ [Object] ],
385 silly resolved     directories: {},
385 silly resolved     _shasum: 'b17d08d326b4423e568eff719f91b0b1cbdf69f1',
385 silly resolved     _resolved: 'https://registry.npmjs.org/inherits/-/inherits-2.0.1.tgz',
385 silly resolved     homepage: 'https://github.com/isaacs/inherits' },
385 silly resolved   { name: 'string_decoder',
385 silly resolved     version: '0.10.25-1',
385 silly resolved     description: 'The string_decoder module from Node core',
385 silly resolved     main: 'index.js',
385 silly resolved     dependencies: {},
385 silly resolved     devDependencies: { tap: '~0.4.8' },
385 silly resolved     scripts: { test: 'tap test/simple/*.js' },
385 silly resolved     repository:
385 silly resolved      { type: 'git',
385 silly resolved        url: 'git://github.com/rvagg/string_decoder.git' },
385 silly resolved     homepage: 'https://github.com/rvagg/string_decoder',
385 silly resolved     keywords: [ 'string', 'decoder', 'browser', 'browserify' ],
385 silly resolved     license: 'MIT',
385 silly resolved     bugs: { url: 'https://github.com/rvagg/string_decoder/issues' },
385 silly resolved     _id: 'string_decoder@0.10.25-1',
385 silly resolved     dist:
385 silly resolved      { shasum: 'f387babd95d23a2bb73b1fbf2cb3efab6f78baab',
385 silly resolved        tarball: 'http://registry.npmjs.org/string_decoder/-/string_decoder-0.10.25-1.tgz' },
385 silly resolved     _from: 'string_decoder@~0.10.x',
385 silly resolved     _npmVersion: '1.3.24',
385 silly resolved     _npmUser: { name: 'rvagg', email: 'rod@vagg.org' },
385 silly resolved     maintainers: [ [Object], [Object] ],
385 silly resolved     directories: {},
385 silly resolved     _shasum: 'f387babd95d23a2bb73b1fbf2cb3efab6f78baab',
385 silly resolved     _resolved: 'https://registry.npmjs.org/string_decoder/-/string_decoder-0.10.25-1.tgz',
385 silly resolved     readme: 'ERROR: No README data found!' },
385 silly resolved   { name: 'core-util-is',
385 silly resolved     version: '1.0.1',
385 silly resolved     description: 'The `util.is*` functions introduced in Node v0.12.',
385 silly resolved     main: 'lib/util.js',
385 silly resolved     repository: { type: 'git', url: 'git://github.com/isaacs/core-util-is' },
385 silly resolved     keywords:
385 silly resolved      [ 'util',
385 silly resolved        'isBuffer',
385 silly resolved        'isArray',
385 silly resolved        'isNumber',
385 silly resolved        'isString',
385 silly resolved        'isRegExp',
385 silly resolved        'isThis',
385 silly resolved        'isThat',
385 silly resolved        'polyfill' ],
385 silly resolved     author:
385 silly resolved      { name: 'Isaac Z. Schlueter',
385 silly resolved        email: 'i@izs.me',
385 silly resolved        url: 'http://blog.izs.me/' },
385 silly resolved     license: 'MIT',
385 silly resolved     bugs: { url: 'https://github.com/isaacs/core-util-is/issues' },
385 silly resolved     readme: '# core-util-is\n\nThe `util.is*` functions introduced in Node v0.12.\n',
385 silly resolved     readmeFilename: 'README.md',
385 silly resolved     homepage: 'https://github.com/isaacs/core-util-is',
385 silly resolved     _id: 'core-util-is@1.0.1',
385 silly resolved     dist:
385 silly resolved      { shasum: '6b07085aef9a3ccac6ee53bf9d3df0c1521a5538',
385 silly resolved        tarball: 'http://registry.npmjs.org/core-util-is/-/core-util-is-1.0.1.tgz' },
385 silly resolved     _from: 'core-util-is@~1.0.0',
385 silly resolved     _npmVersion: '1.3.23',
385 silly resolved     _npmUser: { name: 'isaacs', email: 'i@izs.me' },
385 silly resolved     maintainers: [ [Object] ],
385 silly resolved     directories: {},
385 silly resolved     _shasum: '6b07085aef9a3ccac6ee53bf9d3df0c1521a5538',
385 silly resolved     _resolved: 'https://registry.npmjs.org/core-util-is/-/core-util-is-1.0.1.tgz' } ]
386 info install isarray@0.0.1 into H:\Desktop\Environment\wildstar\node_modules\mongodb\node_modules\readable-stream
387 info install inherits@2.0.1 into H:\Desktop\Environment\wildstar\node_modules\mongodb\node_modules\readable-stream
388 info install string_decoder@0.10.25-1 into H:\Desktop\Environment\wildstar\node_modules\mongodb\node_modules\readable-stream
389 info install core-util-is@1.0.1 into H:\Desktop\Environment\wildstar\node_modules\mongodb\node_modules\readable-stream
390 info installOne isarray@0.0.1
391 info installOne inherits@2.0.1
392 info installOne string_decoder@0.10.25-1
393 info installOne core-util-is@1.0.1
394 info H:\Desktop\Environment\wildstar\node_modules\mongodb\node_modules\readable-stream\node_modules\isarray unbuild
395 info H:\Desktop\Environment\wildstar\node_modules\mongodb\node_modules\readable-stream\node_modules\core-util-is unbuild
396 info H:\Desktop\Environment\wildstar\node_modules\mongodb\node_modules\readable-stream\node_modules\string_decoder unbuild
397 info H:\Desktop\Environment\wildstar\node_modules\mongodb\node_modules\readable-stream\node_modules\inherits unbuild
398 silly gunzTarPerm extractEntry lib/win32/wrappers/security_buffer.h
399 silly gunzTarPerm extractEntry lib/win32/wrappers/security_context.h
400 verbose tar unpack C:\Users\gabriel.lorenz\AppData\Roaming\npm-cache\isarray\0.0.1\package.tgz
401 silly lockFile e8dd34ff-able-stream-node-modules-isarray tar://H:\Desktop\Environment\wildstar\node_modules\mongodb\node_modules\readable-stream\node_modules\isarray
402 verbose lock tar://H:\Desktop\Environment\wildstar\node_modules\mongodb\node_modules\readable-stream\node_modules\isarray C:\Users\gabriel.lorenz\AppData\Roaming\npm-cache\e8dd34ff-able-stream-node-modules-isarray.lock
403 silly lockFile d8f91f1f--cache-isarray-0-0-1-package-tgz tar://C:\Users\gabriel.lorenz\AppData\Roaming\npm-cache\isarray\0.0.1\package.tgz
404 verbose lock tar://C:\Users\gabriel.lorenz\AppData\Roaming\npm-cache\isarray\0.0.1\package.tgz C:\Users\gabriel.lorenz\AppData\Roaming\npm-cache\d8f91f1f--cache-isarray-0-0-1-package-tgz.lock
405 verbose tar unpack C:\Users\gabriel.lorenz\AppData\Roaming\npm-cache\inherits\2.0.1\package.tgz
406 silly lockFile 3bbe7ebc-ble-stream-node-modules-inherits tar://H:\Desktop\Environment\wildstar\node_modules\mongodb\node_modules\readable-stream\node_modules\inherits
407 verbose lock tar://H:\Desktop\Environment\wildstar\node_modules\mongodb\node_modules\readable-stream\node_modules\inherits C:\Users\gabriel.lorenz\AppData\Roaming\npm-cache\3bbe7ebc-ble-stream-node-modules-inherits.lock
408 silly lockFile 824fe4a1-cache-inherits-2-0-1-package-tgz tar://C:\Users\gabriel.lorenz\AppData\Roaming\npm-cache\inherits\2.0.1\package.tgz
409 verbose lock tar://C:\Users\gabriel.lorenz\AppData\Roaming\npm-cache\inherits\2.0.1\package.tgz C:\Users\gabriel.lorenz\AppData\Roaming\npm-cache\824fe4a1-cache-inherits-2-0-1-package-tgz.lock
410 verbose tar unpack C:\Users\gabriel.lorenz\AppData\Roaming\npm-cache\core-util-is\1.0.1\package.tgz
411 silly lockFile 2758bdf7-stream-node-modules-core-util-is tar://H:\Desktop\Environment\wildstar\node_modules\mongodb\node_modules\readable-stream\node_modules\core-util-is
412 verbose lock tar://H:\Desktop\Environment\wildstar\node_modules\mongodb\node_modules\readable-stream\node_modules\core-util-is C:\Users\gabriel.lorenz\AppData\Roaming\npm-cache\2758bdf7-stream-node-modules-core-util-is.lock
413 silly lockFile 5e41c316-e-core-util-is-1-0-1-package-tgz tar://C:\Users\gabriel.lorenz\AppData\Roaming\npm-cache\core-util-is\1.0.1\package.tgz
414 verbose lock tar://C:\Users\gabriel.lorenz\AppData\Roaming\npm-cache\core-util-is\1.0.1\package.tgz C:\Users\gabriel.lorenz\AppData\Roaming\npm-cache\5e41c316-e-core-util-is-1-0-1-package-tgz.lock
415 verbose tar unpack C:\Users\gabriel.lorenz\AppData\Roaming\npm-cache\string_decoder\0.10.25-1\package.tgz
416 silly lockFile 1145af5a-ream-node-modules-string-decoder tar://H:\Desktop\Environment\wildstar\node_modules\mongodb\node_modules\readable-stream\node_modules\string_decoder
417 verbose lock tar://H:\Desktop\Environment\wildstar\node_modules\mongodb\node_modules\readable-stream\node_modules\string_decoder C:\Users\gabriel.lorenz\AppData\Roaming\npm-cache\1145af5a-ream-node-modules-string-decoder.lock
418 silly lockFile 1062d7b5-ng-decoder-0-10-25-1-package-tgz tar://C:\Users\gabriel.lorenz\AppData\Roaming\npm-cache\string_decoder\0.10.25-1\package.tgz
419 verbose lock tar://C:\Users\gabriel.lorenz\AppData\Roaming\npm-cache\string_decoder\0.10.25-1\package.tgz C:\Users\gabriel.lorenz\AppData\Roaming\npm-cache\1062d7b5-ng-decoder-0-10-25-1-package-tgz.lock
420 silly gunzTarPerm modes [ '755', '644' ]
421 silly gunzTarPerm modes [ '755', '644' ]
422 silly gunzTarPerm modes [ '755', '644' ]
423 silly gunzTarPerm modes [ '755', '644' ]
424 silly gunzTarPerm extractEntry package.json
425 silly gunzTarPerm extractEntry package.json
426 silly gunzTarPerm extractEntry package.json
427 silly gunzTarPerm extractEntry package.json
428 silly gunzTarPerm extractEntry README.md
429 silly gunzTarPerm extractEntry LICENSE
430 silly gunzTarPerm extractEntry README.md
431 silly gunzTarPerm extractEntry util.js
432 silly gunzTarPerm extractEntry .npmignore
433 silly gunzTarPerm extractEntry README.md
434 silly gunzTarPerm extractEntry lib/win32/wrappers/security_buffer_descriptor.cc
435 silly gunzTarPerm extractEntry lib/win32/wrappers/security_credentials.cc
436 silly gunzTarPerm extractEntry README.md
437 silly gunzTarPerm extractEntry index.js
438 silly gunzTarPerm extractEntry inherits.js
439 silly gunzTarPerm extractEntry inherits_browser.js
440 silly gunzTarPerm extractEntry float.patch
441 silly gunzTarPerm extractEntry lib/util.js
442 silly gunzTarPerm extractEntry LICENSE
443 silly gunzTarPerm extractEntry index.js
444 silly gunzTarPerm extractEntry build/gyp-mac-tool
445 silly gunzTarPerm extractEntry Makefile
446 silly gunzTarPerm extractEntry build/build.js
447 silly gunzTarPerm extractEntry component.json
448 silly gunzTarPerm extractEntry test.js
449 silly gunzTarPerm extractEntry lib/win32/wrappers/security_credentials.h
450 silly gunzTarPerm extractEntry lib/win32/wrappers/security_context.cc
451 silly gunzTarPerm extractEntry lib/worker.cc
452 silly gunzTarPerm extractEntry lib/worker.h
453 silly gunzTarPerm extractEntry .travis.yml
454 silly gunzTarPerm extractEntry ext/index.js
455 silly gunzTarPerm extractEntry test/kerberos_tests.js
456 silly gunzTarPerm extractEntry test/kerberos_win32_test.js
457 silly gunzTarPerm extractEntry test/win32/security_buffer_descriptor_tests.js
458 silly gunzTarPerm extractEntry test/win32/security_buffer_tests.js
459 silly lockFile 1145af5a-ream-node-modules-string-decoder tar://H:\Desktop\Environment\wildstar\node_modules\mongodb\node_modules\readable-stream\node_modules\string_decoder
460 silly lockFile 1145af5a-ream-node-modules-string-decoder tar://H:\Desktop\Environment\wildstar\node_modules\mongodb\node_modules\readable-stream\node_modules\string_decoder
461 silly lockFile 1062d7b5-ng-decoder-0-10-25-1-package-tgz tar://C:\Users\gabriel.lorenz\AppData\Roaming\npm-cache\string_decoder\0.10.25-1\package.tgz
462 silly lockFile 1062d7b5-ng-decoder-0-10-25-1-package-tgz tar://C:\Users\gabriel.lorenz\AppData\Roaming\npm-cache\string_decoder\0.10.25-1\package.tgz
463 silly gunzTarPerm extractEntry ext/Makefile
464 silly gunzTarPerm extractEntry ext/bson.cc
465 info preinstall string_decoder@0.10.25-1
466 silly lockFile 3bbe7ebc-ble-stream-node-modules-inherits tar://H:\Desktop\Environment\wildstar\node_modules\mongodb\node_modules\readable-stream\node_modules\inherits
467 silly lockFile 3bbe7ebc-ble-stream-node-modules-inherits tar://H:\Desktop\Environment\wildstar\node_modules\mongodb\node_modules\readable-stream\node_modules\inherits
468 silly lockFile 824fe4a1-cache-inherits-2-0-1-package-tgz tar://C:\Users\gabriel.lorenz\AppData\Roaming\npm-cache\inherits\2.0.1\package.tgz
469 silly lockFile 824fe4a1-cache-inherits-2-0-1-package-tgz tar://C:\Users\gabriel.lorenz\AppData\Roaming\npm-cache\inherits\2.0.1\package.tgz
470 silly lockFile e8dd34ff-able-stream-node-modules-isarray tar://H:\Desktop\Environment\wildstar\node_modules\mongodb\node_modules\readable-stream\node_modules\isarray
471 silly lockFile e8dd34ff-able-stream-node-modules-isarray tar://H:\Desktop\Environment\wildstar\node_modules\mongodb\node_modules\readable-stream\node_modules\isarray
472 silly lockFile d8f91f1f--cache-isarray-0-0-1-package-tgz tar://C:\Users\gabriel.lorenz\AppData\Roaming\npm-cache\isarray\0.0.1\package.tgz
473 silly lockFile d8f91f1f--cache-isarray-0-0-1-package-tgz tar://C:\Users\gabriel.lorenz\AppData\Roaming\npm-cache\isarray\0.0.1\package.tgz
474 verbose readDependencies using package.json deps
475 verbose readDependencies using package.json deps
476 silly resolved []
477 verbose about to build H:\Desktop\Environment\wildstar\node_modules\mongodb\node_modules\readable-stream\node_modules\string_decoder
478 info build H:\Desktop\Environment\wildstar\node_modules\mongodb\node_modules\readable-stream\node_modules\string_decoder
479 verbose linkStuff [ false,
479 verbose linkStuff   false,
479 verbose linkStuff   false,
479 verbose linkStuff   'H:\\Desktop\\Environment\\wildstar\\node_modules\\mongodb\\node_modules\\readable-stream\\node_modules' ]
480 info linkStuff string_decoder@0.10.25-1
481 verbose linkBins string_decoder@0.10.25-1
482 verbose linkMans string_decoder@0.10.25-1
483 verbose rebuildBundles string_decoder@0.10.25-1
484 info install string_decoder@0.10.25-1
485 info preinstall inherits@2.0.1
486 silly gunzTarPerm extractEntry test/win32/security_credentials_tests.js
487 info preinstall isarray@0.0.1
488 info postinstall string_decoder@0.10.25-1
489 verbose readDependencies using package.json deps
490 verbose readDependencies using package.json deps
491 silly resolved []
492 verbose about to build H:\Desktop\Environment\wildstar\node_modules\mongodb\node_modules\readable-stream\node_modules\inherits
493 info build H:\Desktop\Environment\wildstar\node_modules\mongodb\node_modules\readable-stream\node_modules\inherits
494 verbose linkStuff [ false,
494 verbose linkStuff   false,
494 verbose linkStuff   false,
494 verbose linkStuff   'H:\\Desktop\\Environment\\wildstar\\node_modules\\mongodb\\node_modules\\readable-stream\\node_modules' ]
495 info linkStuff inherits@2.0.1
496 verbose linkBins inherits@2.0.1
497 verbose linkMans inherits@2.0.1
498 verbose rebuildBundles inherits@2.0.1
499 info install inherits@2.0.1
500 verbose readDependencies using package.json deps
501 verbose readDependencies using package.json deps
502 silly resolved []
503 verbose about to build H:\Desktop\Environment\wildstar\node_modules\mongodb\node_modules\readable-stream\node_modules\isarray
504 info build H:\Desktop\Environment\wildstar\node_modules\mongodb\node_modules\readable-stream\node_modules\isarray
505 verbose linkStuff [ false,
505 verbose linkStuff   false,
505 verbose linkStuff   false,
505 verbose linkStuff   'H:\\Desktop\\Environment\\wildstar\\node_modules\\mongodb\\node_modules\\readable-stream\\node_modules' ]
506 info linkStuff isarray@0.0.1
507 verbose linkBins isarray@0.0.1
508 verbose linkMans isarray@0.0.1
509 verbose rebuildBundles isarray@0.0.1
510 info install isarray@0.0.1
511 info postinstall inherits@2.0.1
512 info postinstall isarray@0.0.1
513 silly lockFile 2758bdf7-stream-node-modules-core-util-is tar://H:\Desktop\Environment\wildstar\node_modules\mongodb\node_modules\readable-stream\node_modules\core-util-is
514 silly lockFile 2758bdf7-stream-node-modules-core-util-is tar://H:\Desktop\Environment\wildstar\node_modules\mongodb\node_modules\readable-stream\node_modules\core-util-is
515 silly lockFile 5e41c316-e-core-util-is-1-0-1-package-tgz tar://C:\Users\gabriel.lorenz\AppData\Roaming\npm-cache\core-util-is\1.0.1\package.tgz
516 silly lockFile 5e41c316-e-core-util-is-1-0-1-package-tgz tar://C:\Users\gabriel.lorenz\AppData\Roaming\npm-cache\core-util-is\1.0.1\package.tgz
517 info preinstall core-util-is@1.0.1
518 verbose readDependencies using package.json deps
519 verbose readDependencies using package.json deps
520 silly resolved []
521 verbose about to build H:\Desktop\Environment\wildstar\node_modules\mongodb\node_modules\readable-stream\node_modules\core-util-is
522 info build H:\Desktop\Environment\wildstar\node_modules\mongodb\node_modules\readable-stream\node_modules\core-util-is
523 verbose linkStuff [ false,
523 verbose linkStuff   false,
523 verbose linkStuff   false,
523 verbose linkStuff   'H:\\Desktop\\Environment\\wildstar\\node_modules\\mongodb\\node_modules\\readable-stream\\node_modules' ]
524 info linkStuff core-util-is@1.0.1
525 verbose linkBins core-util-is@1.0.1
526 verbose linkMans core-util-is@1.0.1
527 verbose rebuildBundles core-util-is@1.0.1
528 info install core-util-is@1.0.1
529 info postinstall core-util-is@1.0.1
530 verbose about to build H:\Desktop\Environment\wildstar\node_modules\mongodb\node_modules\readable-stream
531 info build H:\Desktop\Environment\wildstar\node_modules\mongodb\node_modules\readable-stream
532 verbose linkStuff [ false,
532 verbose linkStuff   false,
532 verbose linkStuff   false,
532 verbose linkStuff   'H:\\Desktop\\Environment\\wildstar\\node_modules\\mongodb\\node_modules' ]
533 info linkStuff readable-stream@1.0.27-1
534 verbose linkBins readable-stream@1.0.27-1
535 verbose linkMans readable-stream@1.0.27-1
536 verbose rebuildBundles readable-stream@1.0.27-1
537 verbose rebuildBundles [ 'core-util-is', 'inherits', 'isarray', 'string_decoder' ]
538 info install readable-stream@1.0.27-1
539 info postinstall readable-stream@1.0.27-1
540 silly gunzTarPerm extractEntry ext/bson.h
541 silly gunzTarPerm extractEntry ext/win32/ia32/bson.node
542 silly gunzTarPerm extractEntry ext/win32/x64/bson.node
543 silly lockFile 0c37d2bd-es-mongodb-node-modules-kerberos tar://H:\Desktop\Environment\wildstar\node_modules\mongodb\node_modules\kerberos
544 silly lockFile 0c37d2bd-es-mongodb-node-modules-kerberos tar://H:\Desktop\Environment\wildstar\node_modules\mongodb\node_modules\kerberos
545 silly lockFile d1fc6a39-cache-kerberos-0-0-3-package-tgz tar://C:\Users\gabriel.lorenz\AppData\Roaming\npm-cache\kerberos\0.0.3\package.tgz
546 silly lockFile d1fc6a39-cache-kerberos-0-0-3-package-tgz tar://C:\Users\gabriel.lorenz\AppData\Roaming\npm-cache\kerberos\0.0.3\package.tgz
547 info preinstall kerberos@0.0.3
548 verbose readDependencies using package.json deps
549 verbose readDependencies using package.json deps
550 silly resolved []
551 verbose about to build H:\Desktop\Environment\wildstar\node_modules\mongodb\node_modules\kerberos
552 info build H:\Desktop\Environment\wildstar\node_modules\mongodb\node_modules\kerberos
553 verbose linkStuff [ false,
553 verbose linkStuff   false,
553 verbose linkStuff   false,
553 verbose linkStuff   'H:\\Desktop\\Environment\\wildstar\\node_modules\\mongodb\\node_modules' ]
554 info linkStuff kerberos@0.0.3
555 verbose linkBins kerberos@0.0.3
556 verbose linkMans kerberos@0.0.3
557 verbose rebuildBundles kerberos@0.0.3
558 info install kerberos@0.0.3
559 verbose unsafe-perm in lifecycle true
560 error Error: spawn ENOENT
560 error     at errnoException (child_process.js:1000:11)
560 error     at Process.ChildProcess._handle.onexit (child_process.js:791:34)
561 error If you need help, you may report this *entire* log,
561 error including the npm and node versions, at:
561 error     <http://github.com/npm/npm/issues>
562 error System Windows_NT 6.1.7601
563 error command "\\\\exigis.com\\documents\\users\\gabriel.lorenz\\Desktop\\Environment\\\\node.exe" "\\\\exigis.com\\documents\\users\\gabriel.lorenz\\Desktop\\Environment\\node_modules\\npm\\bin\\npm-cli.js" "install" "mongodb"
564 error cwd H:\Desktop\Environment\wildstar
565 error node -v v0.10.29
566 error npm -v 1.4.12
567 error syscall spawn
568 error code ENOENT
569 error errno ENOENT
570 verbose exit [ 1, true ]
